2014-06-12 11:46:38,014  WARN org.apache.jena.riot - [line: 2, col: 9 ] Bad IRI: <C:\Users\Lefteris\AppData\Local\Temp\void7308448186504768672.ttl#> Code: 4/UNWISE_CHARACTER in PATH: The character matches no grammar rules of URIs/IRIs. These characters are permitted in RDF URI References, XML system identifiers, and XML Schema anyURIs.
2014-06-12 11:46:38,110  WARN org.apache.jena.riot - [line: 12, col: 1 ] Bad IRI: <C:\Users\Lefteris\AppData\Local\Temp\void7308448186504768672.ttl> Code: 4/UNWISE_CHARACTER in PATH: The character matches no grammar rules of URIs/IRIs. These characters are permitted in RDF URI References, XML system identifiers, and XML Schema anyURIs.
2014-06-12 11:46:38,449  INFO uk.ac.manchester.cs.datadesc.validator.utils.PropertiesLoader - Looking for file log4j.properties
2014-06-12 11:46:38,452  WARN uk.ac.manchester.cs.datadesc.validator.utils.PropertiesLoader - No environment variable BRIDGEDB_CONFIG found
2014-06-12 11:46:38,452  WARN uk.ac.manchester.cs.datadesc.validator.utils.PropertiesLoader - No enviroment variable CATALINA_HOME found
2014-06-12 11:46:38,452  WARN uk.ac.manchester.cs.datadesc.validator.utils.PropertiesLoader - No file directory found at: ../conf/BridgeDb
2014-06-12 11:46:38,461  INFO uk.ac.manchester.cs.datadesc.validator.utils.PropertiesLoader - Logger configured from file:/C:/Users/Lefteris/.m2/repository/uk/ac/manchester/rdftools/rdftools/1.1-SNAPSHOT/rdftools-1.1-SNAPSHOT.jar!/log4j.properties by Loaded with class loader
2014-06-12 11:46:38,474  INFO uk.ac.manchester.cs.datadesc.validator.utils.PropertiesLoader - Looking for file MetaDataSpecifications.properties
2014-06-12 11:46:38,475  WARN uk.ac.manchester.cs.datadesc.validator.utils.PropertiesLoader - No environment variable BRIDGEDB_CONFIG found
2014-06-12 11:46:38,486  WARN uk.ac.manchester.cs.datadesc.validator.utils.PropertiesLoader - No enviroment variable CATALINA_HOME found
2014-06-12 11:46:38,487  WARN uk.ac.manchester.cs.datadesc.validator.utils.PropertiesLoader - No file directory found at: ../conf/BridgeDb
2014-06-12 11:46:38,490  INFO uk.ac.manchester.cs.datadesc.validator.utils.PropertiesLoader - Loaded jar:file:/C:/Users/Lefteris/.m2/repository/uk/ac/manchester/metadata/metadata/1.1-SNAPSHOT/metadata-1.1-SNAPSHOT.jar!/MetaDataSpecifications.properties with class loader. 
2014-06-12 11:46:38,490  INFO uk.ac.manchester.cs.datadesc.validator.utils.PropertiesLoader - Adding local properties
2014-06-12 11:46:38,490  INFO uk.ac.manchester.cs.datadesc.validator.utils.PropertiesLoader - Looking for file local.properties
2014-06-12 11:46:38,490  WARN uk.ac.manchester.cs.datadesc.validator.utils.PropertiesLoader - No environment variable BRIDGEDB_CONFIG found
2014-06-12 11:46:38,491  WARN uk.ac.manchester.cs.datadesc.validator.utils.PropertiesLoader - No enviroment variable CATALINA_HOME found
2014-06-12 11:46:38,491  WARN uk.ac.manchester.cs.datadesc.validator.utils.PropertiesLoader - No file directory found at: ../conf/BridgeDb
2014-06-12 11:46:38,494  INFO uk.ac.manchester.cs.datadesc.validator.utils.PropertiesLoader - Loaded jar:file:/C:/Users/Lefteris/.m2/repository/uk/ac/manchester/rdftools/rdftools/1.1-SNAPSHOT/rdftools-1.1-SNAPSHOT.jar!/local.properties with class loader. 
2014-06-12 11:46:38,495  INFO uk.ac.manchester.cs.datadesc.validator.utils.PropertiesLoader - Looking for file VoidInfo.owl
2014-06-12 11:46:38,495  WARN uk.ac.manchester.cs.datadesc.validator.utils.PropertiesLoader - No environment variable BRIDGEDB_CONFIG found
2014-06-12 11:46:38,495  WARN uk.ac.manchester.cs.datadesc.validator.utils.PropertiesLoader - No enviroment variable CATALINA_HOME found
2014-06-12 11:46:38,495  WARN uk.ac.manchester.cs.datadesc.validator.utils.PropertiesLoader - No file directory found at: ../conf/BridgeDb
2014-06-12 11:46:38,496  INFO uk.ac.manchester.cs.datadesc.validator.utils.PropertiesLoader - Loaded jar:file:/C:/Users/Lefteris/.m2/repository/uk/ac/manchester/metadata/metadata/1.1-SNAPSHOT/metadata-1.1-SNAPSHOT.jar!/VoidInfo.owl with class loader. 
2014-06-12 11:46:40,705  INFO uk.ac.manchester.cs.datadesc.validator.utils.PropertiesLoader - Looking for file simpleOntology.owl
2014-06-12 11:46:40,706  WARN uk.ac.manchester.cs.datadesc.validator.utils.PropertiesLoader - No environment variable BRIDGEDB_CONFIG found
2014-06-12 11:46:40,706  WARN uk.ac.manchester.cs.datadesc.validator.utils.PropertiesLoader - No enviroment variable CATALINA_HOME found
2014-06-12 11:46:40,707  WARN uk.ac.manchester.cs.datadesc.validator.utils.PropertiesLoader - No file directory found at: ../conf/BridgeDb
2014-06-12 11:46:40,710  INFO uk.ac.manchester.cs.datadesc.validator.utils.PropertiesLoader - Loaded jar:file:/C:/Users/Lefteris/.m2/repository/uk/ac/manchester/metadata/metadata/1.1-SNAPSHOT/metadata-1.1-SNAPSHOT.jar!/simpleOntology.owl with class loader. 
2014-06-12 11:46:40,845 ERROR uk.ac.manchester.cs.datadesc.validator.rdftools.VoidValidatorException - Unable to find file. C:\Users\Lefteris\Desktop\Void-Editor2\voidEditor\file:\C:\Users\Lefteris\Desktop\Void-Editor2\voidEditor\src\test\res\editor\domain
java.io.FileNotFoundException: file:\C:\Users\Lefteris\Desktop\Void-Editor2\voidEditor\src\test\res\editor\domain (The filename, directory name, or volume label syntax is incorrect)
	at java.io.FileInputStream.open(Native Method)
	at java.io.FileInputStream.<init>(FileInputStream.java:146)
	at uk.ac.manchester.cs.datadesc.validator.rdftools.RdfReader.loadFile(RdfReader.java:107)
	at uk.ac.manchester.cs.datadesc.validator.rdftools.RdfReader.loadFile(RdfReader.java:102)
	at uk.ac.manchester.cs.datadesc.validator.rdftools.RdfReader.loadURI(RdfReader.java:130)
	at uk.ac.manchester.cs.datadesc.validator.rdftools.RdfReader.loadURI(RdfReader.java:119)
	at uk.ac.manchester.cs.datadesc.validator.rdftools.RdfReader.loadExternalAndGetTheStatementList(RdfReader.java:372)
	at uk.ac.manchester.cs.datadesc.validator.rdftools.RdfReader.getStatementList(RdfReader.java:192)
	at uk.ac.manchester.cs.datadesc.validator.metadata.CardinalityMetaData.appendError(CardinalityMetaData.java:101)
	at uk.ac.manchester.cs.datadesc.validator.metadata.MetaDataAlternatives.appendError(MetaDataAlternatives.java:62)
	at uk.ac.manchester.cs.datadesc.validator.metadata.MetaDataAlternatives.appendValidate(MetaDataAlternatives.java:45)
	at uk.ac.manchester.cs.datadesc.validator.metadata.ResourceMetaData.appendValidate(ResourceMetaData.java:54)
	at uk.ac.manchester.cs.datadesc.validator.RdfValidator.appendValidate(RdfValidator.java:136)
	at uk.ac.manchester.cs.datadesc.validator.RdfValidator.validate(RdfValidator.java:112)
	at uk.ac.manchester.cs.datadesc.validator.RdfValidator.validate(RdfValidator.java:58)
	at editor.validator.Validator.<init>(Validator.java:30)
	at editor.validator.TestMyValidator.setup(TestMyValidator.java:22)
	at sun.reflect.NativeMethodAccessorImpl.invoke0(Native Method)
	at sun.reflect.NativeMethodAccessorImpl.invoke(NativeMethodAccessorImpl.java:57)
	at sun.reflect.DelegatingMethodAccessorImpl.invoke(DelegatingMethodAccessorImpl.java:43)
	at java.lang.reflect.Method.invoke(Method.java:606)
	at org.junit.runners.model.FrameworkMethod$1.runReflectiveCall(FrameworkMethod.java:44)
	at org.junit.internal.runners.model.ReflectiveCallable.run(ReflectiveCallable.java:15)
	at org.junit.runners.model.FrameworkMethod.invokeExplosively(FrameworkMethod.java:41)
	at org.junit.internal.runners.statements.RunBefores.evaluate(RunBefores.java:27)
	at org.junit.runners.ParentRunner.run(ParentRunner.java:236)
	at org.apache.maven.surefire.junit4.JUnit4Provider.execute(JUnit4Provider.java:252)
	at org.apache.maven.surefire.junit4.JUnit4Provider.executeTestSet(JUnit4Provider.java:141)
	at org.apache.maven.surefire.junit4.JUnit4Provider.invoke(JUnit4Provider.java:112)
	at sun.reflect.NativeMethodAccessorImpl.invoke0(Native Method)
	at sun.reflect.NativeMethodAccessorImpl.invoke(NativeMethodAccessorImpl.java:57)
	at sun.reflect.DelegatingMethodAccessorImpl.invoke(DelegatingMethodAccessorImpl.java:43)
	at java.lang.reflect.Method.invoke(Method.java:606)
	at org.apache.maven.surefire.util.ReflectionUtils.invokeMethodWithArray(ReflectionUtils.java:189)
	at org.apache.maven.surefire.booter.ProviderFactory$ProviderProxy.invoke(ProviderFactory.java:165)
	at org.apache.maven.surefire.booter.ProviderFactory.invokeProvider(ProviderFactory.java:85)
	at org.apache.maven.surefire.booter.ForkedBooter.runSuitesInProcess(ForkedBooter.java:115)
	at org.apache.maven.surefire.booter.ForkedBooter.main(ForkedBooter.java:75)
2014-06-12 11:46:40,858  INFO uk.ac.manchester.cs.datadesc.validator.rdftools.RdfReader - External load of file:/C:/Users/Lefteris/Desktop/Void-Editor2/voidEditor/src/test/res/editor/domain failed. quess it wasn't a URL (locator) after all
2014-06-12 11:46:40,886  INFO uk.ac.manchester.cs.datadesc.validator.utils.PropertiesLoader - Looking for file validator.properties
2014-06-12 11:46:40,888  WARN uk.ac.manchester.cs.datadesc.validator.utils.PropertiesLoader - No environment variable BRIDGEDB_CONFIG found
2014-06-12 11:46:40,888  WARN uk.ac.manchester.cs.datadesc.validator.utils.PropertiesLoader - No enviroment variable CATALINA_HOME found
2014-06-12 11:46:40,890  WARN uk.ac.manchester.cs.datadesc.validator.utils.PropertiesLoader - No file directory found at: ../conf/BridgeDb
2014-06-12 11:46:40,893  INFO uk.ac.manchester.cs.datadesc.validator.utils.PropertiesLoader - Loaded jar:file:/C:/Users/Lefteris/.m2/repository/uk/ac/manchester/rdftools/rdftools/1.1-SNAPSHOT/rdftools-1.1-SNAPSHOT.jar!/validator.properties with class loader. 
2014-06-12 11:46:40,894  INFO uk.ac.manchester.cs.datadesc.validator.utils.PropertiesLoader - Adding local properties
2014-06-12 11:46:40,894  INFO uk.ac.manchester.cs.datadesc.validator.utils.PropertiesLoader - Looking for file local.properties
2014-06-12 11:46:40,895  WARN uk.ac.manchester.cs.datadesc.validator.utils.PropertiesLoader - No environment variable BRIDGEDB_CONFIG found
2014-06-12 11:46:40,896  WARN uk.ac.manchester.cs.datadesc.validator.utils.PropertiesLoader - No enviroment variable CATALINA_HOME found
2014-06-12 11:46:40,896  WARN uk.ac.manchester.cs.datadesc.validator.utils.PropertiesLoader - No file directory found at: ../conf/BridgeDb
2014-06-12 11:46:40,902  INFO uk.ac.manchester.cs.datadesc.validator.utils.PropertiesLoader - Loaded jar:file:/C:/Users/Lefteris/.m2/repository/uk/ac/manchester/rdftools/rdftools/1.1-SNAPSHOT/rdftools-1.1-SNAPSHOT.jar!/local.properties with class loader. 
2014-06-12 11:46:42,149 ERROR uk.ac.manchester.cs.datadesc.validator.rdftools.VoidValidatorException - Unable to dettermine RDF formst based on file name http://manchester.ac.uk
2014-06-12 11:46:42,150  WARN org.openrdf.sail.memory.MemoryStoreConnection - Rolling back transaction due to connection close
java.lang.Throwable
	at org.openrdf.sail.helpers.SailConnectionBase.close(SailConnectionBase.java:240)
	at org.openrdf.repository.sail.SailRepositoryConnection.close(SailRepositoryConnection.java:129)
	at uk.ac.manchester.cs.datadesc.validator.rdftools.RdfReader.close(RdfReader.java:447)
	at uk.ac.manchester.cs.datadesc.validator.rdftools.RdfReader.closeOnError(RdfReader.java:468)
	at uk.ac.manchester.cs.datadesc.validator.rdftools.RdfReader.loadInputStream(RdfReader.java:167)
	at uk.ac.manchester.cs.datadesc.validator.rdftools.RdfReader.loadURI(RdfReader.java:134)
	at uk.ac.manchester.cs.datadesc.validator.rdftools.RdfReader.loadURI(RdfReader.java:119)
	at uk.ac.manchester.cs.datadesc.validator.rdftools.RdfReader.loadExternalAndGetTheStatementList(RdfReader.java:372)
	at uk.ac.manchester.cs.datadesc.validator.rdftools.RdfReader.getStatementList(RdfReader.java:192)
	at uk.ac.manchester.cs.datadesc.validator.metadata.CardinalityMetaData.appendValidate(CardinalityMetaData.java:55)
	at uk.ac.manchester.cs.datadesc.validator.metadata.ResourceMetaData.appendValidate(ResourceMetaData.java:54)
	at uk.ac.manchester.cs.datadesc.validator.RdfValidator.appendValidate(RdfValidator.java:136)
	at uk.ac.manchester.cs.datadesc.validator.RdfValidator.validate(RdfValidator.java:112)
	at uk.ac.manchester.cs.datadesc.validator.RdfValidator.validate(RdfValidator.java:58)
	at editor.validator.Validator.<init>(Validator.java:30)
	at editor.validator.TestMyValidator.setup(TestMyValidator.java:22)
	at sun.reflect.NativeMethodAccessorImpl.invoke0(Native Method)
	at sun.reflect.NativeMethodAccessorImpl.invoke(NativeMethodAccessorImpl.java:57)
	at sun.reflect.DelegatingMethodAccessorImpl.invoke(DelegatingMethodAccessorImpl.java:43)
	at java.lang.reflect.Method.invoke(Method.java:606)
	at org.junit.runners.model.FrameworkMethod$1.runReflectiveCall(FrameworkMethod.java:44)
	at org.junit.internal.runners.model.ReflectiveCallable.run(ReflectiveCallable.java:15)
	at org.junit.runners.model.FrameworkMethod.invokeExplosively(FrameworkMethod.java:41)
	at org.junit.internal.runners.statements.RunBefores.evaluate(RunBefores.java:27)
	at org.junit.runners.ParentRunner.run(ParentRunner.java:236)
	at org.apache.maven.surefire.junit4.JUnit4Provider.execute(JUnit4Provider.java:252)
	at org.apache.maven.surefire.junit4.JUnit4Provider.executeTestSet(JUnit4Provider.java:141)
	at org.apache.maven.surefire.junit4.JUnit4Provider.invoke(JUnit4Provider.java:112)
	at sun.reflect.NativeMethodAccessorImpl.invoke0(Native Method)
	at sun.reflect.NativeMethodAccessorImpl.invoke(NativeMethodAccessorImpl.java:57)
	at sun.reflect.DelegatingMethodAccessorImpl.invoke(DelegatingMethodAccessorImpl.java:43)
	at java.lang.reflect.Method.invoke(Method.java:606)
	at org.apache.maven.surefire.util.ReflectionUtils.invokeMethodWithArray(ReflectionUtils.java:189)
	at org.apache.maven.surefire.booter.ProviderFactory$ProviderProxy.invoke(ProviderFactory.java:165)
	at org.apache.maven.surefire.booter.ProviderFactory.invokeProvider(ProviderFactory.java:85)
	at org.apache.maven.surefire.booter.ForkedBooter.runSuitesInProcess(ForkedBooter.java:115)
	at org.apache.maven.surefire.booter.ForkedBooter.main(ForkedBooter.java:75)
2014-06-12 11:46:42,883 DEBUG uk.ac.manchester.cs.datadesc.validator.utils.UrlReader - 220 Microsoft FTP Service
2014-06-12 11:46:42,886  INFO uk.ac.manchester.cs.datadesc.validator.utils.UrlReader - Connected to ftp.rsc-us.org on port 21
2014-06-12 11:46:42,889 DEBUG uk.ac.manchester.cs.datadesc.validator.utils.UrlReader - USER *******
2014-06-12 11:46:43,016 DEBUG uk.ac.manchester.cs.datadesc.validator.utils.UrlReader - 331 Password required for anonymous.
2014-06-12 11:46:43,017 DEBUG uk.ac.manchester.cs.datadesc.validator.utils.UrlReader - PASS *******
2014-06-12 11:46:43,109 DEBUG uk.ac.manchester.cs.datadesc.validator.utils.UrlReader - 530 User cannot log in.
2014-06-12 11:46:43,110 DEBUG uk.ac.manchester.cs.datadesc.validator.utils.UrlReader - QUIT
2014-06-12 11:46:43,221 DEBUG uk.ac.manchester.cs.datadesc.validator.utils.UrlReader - 221 Goodbye.
2014-06-12 11:46:43,222 DEBUG uk.ac.manchester.cs.datadesc.validator.utils.UrlReader - SYST
2014-06-12 11:46:43,223 ERROR uk.ac.manchester.cs.datadesc.validator.rdftools.VoidValidatorException - Unable to log into FTP ftp://ftp.rsc-us.org/OPS/20130117/void_2013-01-17.ttl using username:anonymous password:Lefteris@Teris-PC
2014-06-12 11:46:43,223  INFO uk.ac.manchester.cs.datadesc.validator.rdftools.RdfReader - External load of ftp://ftp.rsc-us.org/OPS/20130117/void_2013-01-17.ttl failed. quess it wasn't a URL (locator) after all
2014-06-12 11:46:43,230  INFO uk.ac.manchester.cs.datadesc.validator.rdftools.RdfReader - External load of http:/ failed. quess it wasn't a URL (locator) after all
2015-03-09 21:35:15,624 ERROR uk.ac.manchester.cs.datadesc.validator.rdftools.VoidValidatorException - Unable to find file. C:\Users\Lefteris\Desktop\Void-Editor2\voidEditor\src\test\res\editor\domain\testVoid.ttl
java.io.FileNotFoundException: C:\Users\Lefteris\Desktop\Void-Editor2\voidEditor\src\test\res\editor\domain\testVoid.ttl (The system cannot find the path specified)
	at java.io.FileInputStream.open(Native Method)
	at java.io.FileInputStream.<init>(FileInputStream.java:131)
	at uk.ac.manchester.cs.datadesc.validator.rdftools.RdfReader.loadFile(RdfReader.java:107)
	at uk.ac.manchester.cs.datadesc.validator.rdftools.RdfReader.loadFile(RdfReader.java:98)
	at editor.validator.Validator.<init>(Validator.java:33)
	at editor.validator.InternalValidatorTest.setup(InternalValidatorTest.java:26)
	at sun.reflect.NativeMethodAccessorImpl.invoke0(Native Method)
	at sun.reflect.NativeMethodAccessorImpl.invoke(NativeMethodAccessorImpl.java:62)
	at sun.reflect.DelegatingMethodAccessorImpl.invoke(DelegatingMethodAccessorImpl.java:43)
	at java.lang.reflect.Method.invoke(Method.java:483)
	at org.junit.runners.model.FrameworkMethod$1.runReflectiveCall(FrameworkMethod.java:44)
	at org.junit.internal.runners.model.ReflectiveCallable.run(ReflectiveCallable.java:15)
	at org.junit.runners.model.FrameworkMethod.invokeExplosively(FrameworkMethod.java:41)
	at org.junit.internal.runners.statements.RunBefores.evaluate(RunBefores.java:27)
	at org.junit.runners.ParentRunner.run(ParentRunner.java:236)
	at org.apache.maven.surefire.junit4.JUnit4Provider.execute(JUnit4Provider.java:252)
	at org.apache.maven.surefire.junit4.JUnit4Provider.executeTestSet(JUnit4Provider.java:141)
	at org.apache.maven.surefire.junit4.JUnit4Provider.invoke(JUnit4Provider.java:112)
	at sun.reflect.NativeMethodAccessorImpl.invoke0(Native Method)
	at sun.reflect.NativeMethodAccessorImpl.invoke(NativeMethodAccessorImpl.java:62)
	at sun.reflect.DelegatingMethodAccessorImpl.invoke(DelegatingMethodAccessorImpl.java:43)
	at java.lang.reflect.Method.invoke(Method.java:483)
	at org.apache.maven.surefire.util.ReflectionUtils.invokeMethodWithArray(ReflectionUtils.java:189)
	at org.apache.maven.surefire.booter.ProviderFactory$ProviderProxy.invoke(ProviderFactory.java:165)
	at org.apache.maven.surefire.booter.ProviderFactory.invokeProvider(ProviderFactory.java:85)
	at org.apache.maven.surefire.booter.ForkedBooter.runSuitesInProcess(ForkedBooter.java:115)
	at org.apache.maven.surefire.booter.ForkedBooter.main(ForkedBooter.java:75)
2015-03-09 21:38:33,426 ERROR uk.ac.manchester.cs.datadesc.validator.rdftools.VoidValidatorException - Unable to find file. C:\Users\Lefteris\Desktop\Void-Editor2\voidEditor\src\test\res\editor\domain\testVoid.ttl
java.io.FileNotFoundException: C:\Users\Lefteris\Desktop\Void-Editor2\voidEditor\src\test\res\editor\domain\testVoid.ttl (The system cannot find the path specified)
	at java.io.FileInputStream.open(Native Method)
	at java.io.FileInputStream.<init>(FileInputStream.java:131)
	at uk.ac.manchester.cs.datadesc.validator.rdftools.RdfReader.loadFile(RdfReader.java:107)
	at uk.ac.manchester.cs.datadesc.validator.rdftools.RdfReader.loadFile(RdfReader.java:98)
	at editor.validator.Validator.<init>(Validator.java:33)
	at editor.validator.InternalValidatorTest.setup(InternalValidatorTest.java:26)
	at sun.reflect.NativeMethodAccessorImpl.invoke0(Native Method)
	at sun.reflect.NativeMethodAccessorImpl.invoke(NativeMethodAccessorImpl.java:62)
	at sun.reflect.DelegatingMethodAccessorImpl.invoke(DelegatingMethodAccessorImpl.java:43)
	at java.lang.reflect.Method.invoke(Method.java:483)
	at org.junit.runners.model.FrameworkMethod$1.runReflectiveCall(FrameworkMethod.java:44)
	at org.junit.internal.runners.model.ReflectiveCallable.run(ReflectiveCallable.java:15)
	at org.junit.runners.model.FrameworkMethod.invokeExplosively(FrameworkMethod.java:41)
	at org.junit.internal.runners.statements.RunBefores.evaluate(RunBefores.java:27)
	at org.junit.runners.ParentRunner.run(ParentRunner.java:236)
	at org.apache.maven.surefire.junit4.JUnit4Provider.execute(JUnit4Provider.java:252)
	at org.apache.maven.surefire.junit4.JUnit4Provider.executeTestSet(JUnit4Provider.java:141)
	at org.apache.maven.surefire.junit4.JUnit4Provider.invoke(JUnit4Provider.java:112)
	at sun.reflect.NativeMethodAccessorImpl.invoke0(Native Method)
	at sun.reflect.NativeMethodAccessorImpl.invoke(NativeMethodAccessorImpl.java:62)
	at sun.reflect.DelegatingMethodAccessorImpl.invoke(DelegatingMethodAccessorImpl.java:43)
	at java.lang.reflect.Method.invoke(Method.java:483)
	at org.apache.maven.surefire.util.ReflectionUtils.invokeMethodWithArray(ReflectionUtils.java:189)
	at org.apache.maven.surefire.booter.ProviderFactory$ProviderProxy.invoke(ProviderFactory.java:165)
	at org.apache.maven.surefire.booter.ProviderFactory.invokeProvider(ProviderFactory.java:85)
	at org.apache.maven.surefire.booter.ForkedBooter.runSuitesInProcess(ForkedBooter.java:115)
	at org.apache.maven.surefire.booter.ForkedBooter.main(ForkedBooter.java:75)
2016-05-18 21:09:53,158  WARN org.apache.jena.riot - [line: 2, col: 9 ] Bad IRI: <C:\Users\Lefteris\AppData\Local\Temp\void4103512501120416794.ttl#> Code: 4/UNWISE_CHARACTER in PATH: The character matches no grammar rules of URIs/IRIs. These characters are permitted in RDF URI References, XML system identifiers, and XML Schema anyURIs.
2016-05-18 21:09:53,190  WARN org.apache.jena.riot - [line: 12, col: 1 ] Bad IRI: <C:\Users\Lefteris\AppData\Local\Temp\void4103512501120416794.ttl> Code: 4/UNWISE_CHARACTER in PATH: The character matches no grammar rules of URIs/IRIs. These characters are permitted in RDF URI References, XML system identifiers, and XML Schema anyURIs.
2016-05-18 21:09:53,456  INFO uk.ac.manchester.cs.datadesc.validator.utils.PropertiesLoader - Looking for file log4j.properties
2016-05-18 21:09:53,458  WARN uk.ac.manchester.cs.datadesc.validator.utils.PropertiesLoader - No environment variable BRIDGEDB_CONFIG found
2016-05-18 21:09:53,458  WARN uk.ac.manchester.cs.datadesc.validator.utils.PropertiesLoader - No enviroment variable CATALINA_HOME found
2016-05-18 21:09:53,458  WARN uk.ac.manchester.cs.datadesc.validator.utils.PropertiesLoader - No file directory found at: ../conf/BridgeDb
2016-05-18 21:09:53,479  INFO uk.ac.manchester.cs.datadesc.validator.utils.PropertiesLoader - Logger configured from file:/C:/Users/Lefteris/.m2/repository/uk/ac/manchester/rdftools/rdftools/1.1-SNAPSHOT/rdftools-1.1-SNAPSHOT.jar!/log4j.properties by Loaded with class loader
2016-05-18 21:09:53,480  INFO uk.ac.manchester.cs.datadesc.validator.utils.PropertiesLoader - Looking for file MetaDataSpecifications.properties
2016-05-18 21:09:53,480  WARN uk.ac.manchester.cs.datadesc.validator.utils.PropertiesLoader - No environment variable BRIDGEDB_CONFIG found
2016-05-18 21:09:53,480  WARN uk.ac.manchester.cs.datadesc.validator.utils.PropertiesLoader - No enviroment variable CATALINA_HOME found
2016-05-18 21:09:53,480  WARN uk.ac.manchester.cs.datadesc.validator.utils.PropertiesLoader - No file directory found at: ../conf/BridgeDb
2016-05-18 21:09:53,481  INFO uk.ac.manchester.cs.datadesc.validator.utils.PropertiesLoader - Loaded jar:file:/C:/Users/Lefteris/.m2/repository/uk/ac/manchester/metadata/metadata/1.1-SNAPSHOT/metadata-1.1-SNAPSHOT.jar!/MetaDataSpecifications.properties with class loader. 
2016-05-18 21:09:53,484  INFO uk.ac.manchester.cs.datadesc.validator.utils.PropertiesLoader - Adding local properties
2016-05-18 21:09:53,484  INFO uk.ac.manchester.cs.datadesc.validator.utils.PropertiesLoader - Looking for file local.properties
2016-05-18 21:09:53,484  WARN uk.ac.manchester.cs.datadesc.validator.utils.PropertiesLoader - No environment variable BRIDGEDB_CONFIG found
2016-05-18 21:09:53,485  WARN uk.ac.manchester.cs.datadesc.validator.utils.PropertiesLoader - No enviroment variable CATALINA_HOME found
2016-05-18 21:09:53,485  WARN uk.ac.manchester.cs.datadesc.validator.utils.PropertiesLoader - No file directory found at: ../conf/BridgeDb
2016-05-18 21:09:53,487  INFO uk.ac.manchester.cs.datadesc.validator.utils.PropertiesLoader - Loaded jar:file:/C:/Users/Lefteris/.m2/repository/uk/ac/manchester/rdftools/rdftools/1.1-SNAPSHOT/rdftools-1.1-SNAPSHOT.jar!/local.properties with class loader. 
2016-05-18 21:09:53,487  INFO uk.ac.manchester.cs.datadesc.validator.utils.PropertiesLoader - Looking for file VoidInfo.owl
2016-05-18 21:09:53,487  WARN uk.ac.manchester.cs.datadesc.validator.utils.PropertiesLoader - No environment variable BRIDGEDB_CONFIG found
2016-05-18 21:09:53,487  WARN uk.ac.manchester.cs.datadesc.validator.utils.PropertiesLoader - No enviroment variable CATALINA_HOME found
2016-05-18 21:09:53,487  WARN uk.ac.manchester.cs.datadesc.validator.utils.PropertiesLoader - No file directory found at: ../conf/BridgeDb
2016-05-18 21:09:53,488  INFO uk.ac.manchester.cs.datadesc.validator.utils.PropertiesLoader - Loaded jar:file:/C:/Users/Lefteris/.m2/repository/uk/ac/manchester/metadata/metadata/1.1-SNAPSHOT/metadata-1.1-SNAPSHOT.jar!/VoidInfo.owl with class loader. 
2016-05-18 21:09:53,981  INFO uk.ac.manchester.cs.datadesc.validator.utils.PropertiesLoader - Looking for file simpleOntology.owl
2016-05-18 21:09:53,981  WARN uk.ac.manchester.cs.datadesc.validator.utils.PropertiesLoader - No environment variable BRIDGEDB_CONFIG found
2016-05-18 21:09:53,981  WARN uk.ac.manchester.cs.datadesc.validator.utils.PropertiesLoader - No enviroment variable CATALINA_HOME found
2016-05-18 21:09:53,981  WARN uk.ac.manchester.cs.datadesc.validator.utils.PropertiesLoader - No file directory found at: ../conf/BridgeDb
2016-05-18 21:09:53,981  INFO uk.ac.manchester.cs.datadesc.validator.utils.PropertiesLoader - Loaded jar:file:/C:/Users/Lefteris/.m2/repository/uk/ac/manchester/metadata/metadata/1.1-SNAPSHOT/metadata-1.1-SNAPSHOT.jar!/simpleOntology.owl with class loader. 
2016-05-18 21:09:54,037  INFO uk.ac.manchester.cs.datadesc.validator.utils.PropertiesLoader - Looking for file validator.properties
2016-05-18 21:09:54,038  WARN uk.ac.manchester.cs.datadesc.validator.utils.PropertiesLoader - No environment variable BRIDGEDB_CONFIG found
2016-05-18 21:09:54,038  WARN uk.ac.manchester.cs.datadesc.validator.utils.PropertiesLoader - No enviroment variable CATALINA_HOME found
2016-05-18 21:09:54,038  WARN uk.ac.manchester.cs.datadesc.validator.utils.PropertiesLoader - No file directory found at: ../conf/BridgeDb
2016-05-18 21:09:54,039  INFO uk.ac.manchester.cs.datadesc.validator.utils.PropertiesLoader - Loaded jar:file:/C:/Users/Lefteris/.m2/repository/uk/ac/manchester/rdftools/rdftools/1.1-SNAPSHOT/rdftools-1.1-SNAPSHOT.jar!/validator.properties with class loader. 
2016-05-18 21:09:54,039  INFO uk.ac.manchester.cs.datadesc.validator.utils.PropertiesLoader - Adding local properties
2016-05-18 21:09:54,039  INFO uk.ac.manchester.cs.datadesc.validator.utils.PropertiesLoader - Looking for file local.properties
2016-05-18 21:09:54,039  WARN uk.ac.manchester.cs.datadesc.validator.utils.PropertiesLoader - No environment variable BRIDGEDB_CONFIG found
2016-05-18 21:09:54,040  WARN uk.ac.manchester.cs.datadesc.validator.utils.PropertiesLoader - No enviroment variable CATALINA_HOME found
2016-05-18 21:09:54,040  WARN uk.ac.manchester.cs.datadesc.validator.utils.PropertiesLoader - No file directory found at: ../conf/BridgeDb
2016-05-18 21:09:54,040  INFO uk.ac.manchester.cs.datadesc.validator.utils.PropertiesLoader - Loaded jar:file:/C:/Users/Lefteris/.m2/repository/uk/ac/manchester/rdftools/rdftools/1.1-SNAPSHOT/rdftools-1.1-SNAPSHOT.jar!/local.properties with class loader. 
2016-05-18 21:09:54,375 ERROR uk.ac.manchester.cs.datadesc.validator.rdftools.VoidValidatorException - Unable to dettermine RDF formst based on file name http://manchester.ac.uk
2016-05-18 21:09:54,377  WARN org.openrdf.sail.memory.MemoryStoreConnection - Rolling back transaction due to connection close
java.lang.Throwable
	at org.openrdf.sail.helpers.SailConnectionBase.close(SailConnectionBase.java:240)
	at org.openrdf.repository.sail.SailRepositoryConnection.close(SailRepositoryConnection.java:129)
	at uk.ac.manchester.cs.datadesc.validator.rdftools.RdfReader.close(RdfReader.java:447)
	at uk.ac.manchester.cs.datadesc.validator.rdftools.RdfReader.closeOnError(RdfReader.java:468)
	at uk.ac.manchester.cs.datadesc.validator.rdftools.RdfReader.loadInputStream(RdfReader.java:167)
	at uk.ac.manchester.cs.datadesc.validator.rdftools.RdfReader.loadURI(RdfReader.java:134)
	at uk.ac.manchester.cs.datadesc.validator.rdftools.RdfReader.loadURI(RdfReader.java:119)
	at uk.ac.manchester.cs.datadesc.validator.rdftools.RdfReader.loadExternalAndGetTheStatementList(RdfReader.java:372)
	at uk.ac.manchester.cs.datadesc.validator.rdftools.RdfReader.getStatementList(RdfReader.java:192)
	at uk.ac.manchester.cs.datadesc.validator.metadata.CardinalityMetaData.appendValidate(CardinalityMetaData.java:55)
	at uk.ac.manchester.cs.datadesc.validator.metadata.ResourceMetaData.appendValidate(ResourceMetaData.java:54)
	at uk.ac.manchester.cs.datadesc.validator.RdfValidator.appendValidate(RdfValidator.java:136)
	at uk.ac.manchester.cs.datadesc.validator.RdfValidator.validate(RdfValidator.java:112)
	at uk.ac.manchester.cs.datadesc.validator.RdfValidator.validate(RdfValidator.java:58)
	at editor.validator.Validator.<init>(Validator.java:35)
	at editor.validator.InternalValidatorTest.setup(InternalValidatorTest.java:26)
	at sun.reflect.NativeMethodAccessorImpl.invoke0(Native Method)
	at sun.reflect.NativeMethodAccessorImpl.invoke(NativeMethodAccessorImpl.java:62)
	at sun.reflect.DelegatingMethodAccessorImpl.invoke(DelegatingMethodAccessorImpl.java:43)
	at java.lang.reflect.Method.invoke(Method.java:483)
	at org.junit.runners.model.FrameworkMethod$1.runReflectiveCall(FrameworkMethod.java:44)
	at org.junit.internal.runners.model.ReflectiveCallable.run(ReflectiveCallable.java:15)
	at org.junit.runners.model.FrameworkMethod.invokeExplosively(FrameworkMethod.java:41)
	at org.junit.internal.runners.statements.RunBefores.evaluate(RunBefores.java:27)
	at org.junit.runners.ParentRunner.run(ParentRunner.java:236)
	at org.apache.maven.surefire.junit4.JUnit4Provider.execute(JUnit4Provider.java:252)
	at org.apache.maven.surefire.junit4.JUnit4Provider.executeTestSet(JUnit4Provider.java:141)
	at org.apache.maven.surefire.junit4.JUnit4Provider.invoke(JUnit4Provider.java:112)
	at sun.reflect.NativeMethodAccessorImpl.invoke0(Native Method)
	at sun.reflect.NativeMethodAccessorImpl.invoke(NativeMethodAccessorImpl.java:62)
	at sun.reflect.DelegatingMethodAccessorImpl.invoke(DelegatingMethodAccessorImpl.java:43)
	at java.lang.reflect.Method.invoke(Method.java:483)
	at org.apache.maven.surefire.util.ReflectionUtils.invokeMethodWithArray(ReflectionUtils.java:189)
	at org.apache.maven.surefire.booter.ProviderFactory$ProviderProxy.invoke(ProviderFactory.java:165)
	at org.apache.maven.surefire.booter.ProviderFactory.invokeProvider(ProviderFactory.java:85)
	at org.apache.maven.surefire.booter.ForkedBooter.runSuitesInProcess(ForkedBooter.java:115)
	at org.apache.maven.surefire.booter.ForkedBooter.main(ForkedBooter.java:75)
2016-05-18 21:09:54,389  INFO uk.ac.manchester.cs.datadesc.validator.rdftools.RdfReader - External load of http:/ failed. quess it wasn't a URL (locator) after all
2016-05-18 21:09:55,119 DEBUG uk.ac.manchester.cs.datadesc.validator.utils.UrlReader - 220 Microsoft FTP Service
2016-05-18 21:09:55,121  INFO uk.ac.manchester.cs.datadesc.validator.utils.UrlReader - Connected to ftp.rsc-us.org on port 21
2016-05-18 21:09:55,123 DEBUG uk.ac.manchester.cs.datadesc.validator.utils.UrlReader - USER *******
2016-05-18 21:09:55,221 DEBUG uk.ac.manchester.cs.datadesc.validator.utils.UrlReader - 331 Password required for anonymous.
2016-05-18 21:09:55,222 DEBUG uk.ac.manchester.cs.datadesc.validator.utils.UrlReader - PASS *******
2016-05-18 21:09:55,457 DEBUG uk.ac.manchester.cs.datadesc.validator.utils.UrlReader - 530 User cannot log in.
2016-05-18 21:09:55,458 DEBUG uk.ac.manchester.cs.datadesc.validator.utils.UrlReader - QUIT
2016-05-18 21:09:55,554 DEBUG uk.ac.manchester.cs.datadesc.validator.utils.UrlReader - 221 Goodbye.
2016-05-18 21:09:55,554 DEBUG uk.ac.manchester.cs.datadesc.validator.utils.UrlReader - SYST
2016-05-18 21:09:55,555 ERROR uk.ac.manchester.cs.datadesc.validator.rdftools.VoidValidatorException - Unable to log into FTP ftp://ftp.rsc-us.org/OPS/20130117/void_2013-01-17.ttl using username:anonymous password:Lefteris@Teris-PC
2016-05-18 21:09:55,556  INFO uk.ac.manchester.cs.datadesc.validator.rdftools.RdfReader - External load of ftp://ftp.rsc-us.org/OPS/20130117/void_2013-01-17.ttl failed. quess it wasn't a URL (locator) after all
2016-05-18 21:09:55,562 ERROR uk.ac.manchester.cs.datadesc.validator.rdftools.VoidValidatorException - Unable to find file. C:\Users\Lefteris\Desktop\Void-Editor2\voidEditor\file:\C:\Users\Lefteris\Desktop\Void-Editor2\voidEditor\src\test\res\editor\domain
java.io.FileNotFoundException: file:\C:\Users\Lefteris\Desktop\Void-Editor2\voidEditor\src\test\res\editor\domain (The filename, directory name, or volume label syntax is incorrect)
	at java.io.FileInputStream.open(Native Method)
	at java.io.FileInputStream.<init>(FileInputStream.java:131)
	at uk.ac.manchester.cs.datadesc.validator.rdftools.RdfReader.loadFile(RdfReader.java:107)
	at uk.ac.manchester.cs.datadesc.validator.rdftools.RdfReader.loadFile(RdfReader.java:102)
	at uk.ac.manchester.cs.datadesc.validator.rdftools.RdfReader.loadURI(RdfReader.java:130)
	at uk.ac.manchester.cs.datadesc.validator.rdftools.RdfReader.loadURI(RdfReader.java:119)
	at uk.ac.manchester.cs.datadesc.validator.rdftools.RdfReader.loadExternalAndGetTheStatementList(RdfReader.java:372)
	at uk.ac.manchester.cs.datadesc.validator.rdftools.RdfReader.getStatementList(RdfReader.java:192)
	at uk.ac.manchester.cs.datadesc.validator.metadata.CardinalityMetaData.appendError(CardinalityMetaData.java:101)
	at uk.ac.manchester.cs.datadesc.validator.metadata.MetaDataAlternatives.appendError(MetaDataAlternatives.java:62)
	at uk.ac.manchester.cs.datadesc.validator.metadata.MetaDataAlternatives.appendValidate(MetaDataAlternatives.java:45)
	at uk.ac.manchester.cs.datadesc.validator.metadata.ResourceMetaData.appendValidate(ResourceMetaData.java:54)
	at uk.ac.manchester.cs.datadesc.validator.RdfValidator.appendValidate(RdfValidator.java:136)
	at uk.ac.manchester.cs.datadesc.validator.RdfValidator.validate(RdfValidator.java:112)
	at uk.ac.manchester.cs.datadesc.validator.RdfValidator.validate(RdfValidator.java:58)
	at editor.validator.Validator.<init>(Validator.java:35)
	at editor.validator.InternalValidatorTest.setup(InternalValidatorTest.java:26)
	at sun.reflect.NativeMethodAccessorImpl.invoke0(Native Method)
	at sun.reflect.NativeMethodAccessorImpl.invoke(NativeMethodAccessorImpl.java:62)
	at sun.reflect.DelegatingMethodAccessorImpl.invoke(DelegatingMethodAccessorImpl.java:43)
	at java.lang.reflect.Method.invoke(Method.java:483)
	at org.junit.runners.model.FrameworkMethod$1.runReflectiveCall(FrameworkMethod.java:44)
	at org.junit.internal.runners.model.ReflectiveCallable.run(ReflectiveCallable.java:15)
	at org.junit.runners.model.FrameworkMethod.invokeExplosively(FrameworkMethod.java:41)
	at org.junit.internal.runners.statements.RunBefores.evaluate(RunBefores.java:27)
	at org.junit.runners.ParentRunner.run(ParentRunner.java:236)
	at org.apache.maven.surefire.junit4.JUnit4Provider.execute(JUnit4Provider.java:252)
	at org.apache.maven.surefire.junit4.JUnit4Provider.executeTestSet(JUnit4Provider.java:141)
	at org.apache.maven.surefire.junit4.JUnit4Provider.invoke(JUnit4Provider.java:112)
	at sun.reflect.NativeMethodAccessorImpl.invoke0(Native Method)
	at sun.reflect.NativeMethodAccessorImpl.invoke(NativeMethodAccessorImpl.java:62)
	at sun.reflect.DelegatingMethodAccessorImpl.invoke(DelegatingMethodAccessorImpl.java:43)
	at java.lang.reflect.Method.invoke(Method.java:483)
	at org.apache.maven.surefire.util.ReflectionUtils.invokeMethodWithArray(ReflectionUtils.java:189)
	at org.apache.maven.surefire.booter.ProviderFactory$ProviderProxy.invoke(ProviderFactory.java:165)
	at org.apache.maven.surefire.booter.ProviderFactory.invokeProvider(ProviderFactory.java:85)
	at org.apache.maven.surefire.booter.ForkedBooter.runSuitesInProcess(ForkedBooter.java:115)
	at org.apache.maven.surefire.booter.ForkedBooter.main(ForkedBooter.java:75)
2016-05-18 21:09:55,565  INFO uk.ac.manchester.cs.datadesc.validator.rdftools.RdfReader - External load of file:/C:/Users/Lefteris/Desktop/Void-Editor2/voidEditor/src/test/res/editor/domain failed. quess it wasn't a URL (locator) after all
